2021/06/08 00:11:23 REQUEST: GET https://api.qiscus.com/api/v2.1/rest/get_rooms_info?room_ids%5B%5D=44585243 Header: map[Qiscus-Sdk-App-Id:[] Qiscus-Sdk-Secret:[]] Payload: 
2021/06/08 00:11:23 RESPONSE: 400 {"error":{"message":"cannot find app (empty app code)"},"status":400}
2021/06/08 00:22:59 REQUEST: GET https://api.qiscus.com/api/v2.1/rest/get_rooms_info?room_id[]=44585243 Header: map[Qiscus-Sdk-App-Id:[xepue-wylz5myu3jhgjti] Qiscus-Sdk-Secret:[da796bd7df0b95ac66cfc8eeef1cacef]] Payload: 
2021/06/08 00:22:59 RESPONSE: 400 {"error":{"detailed_messages":["room_id room id or room unique id must present"],"errors":{"room_id":["room id or room unique id must present"]},"message":"Validation error"},"status":400}
2021/06/08 00:24:29 REQUEST: GET https://api.qiscus.com/api/v2.1/rest/get_rooms_info?room_id[]=44585243 Header: map[Qiscus-Sdk-App-Id:[xepue-wylz5myu3jhgjti] Qiscus-Sdk-Secret:[da796bd7df0b95ac66cfc8eeef1cacef]] Payload: 
2021/06/08 00:24:29 RESPONSE: 400 {"error":{"detailed_messages":["room_id room id or room unique id must present"],"errors":{"room_id":["room id or room unique id must present"]},"message":"Validation error"},"status":400}
2021/06/08 00:30:04 REQUEST: GET https://api.qiscus.com/api/v2.1/rest/get_rooms_info?room_id[]=44585243 Header: map[Qiscus-Sdk-App-Id:[xepue-wylz5myu3jhgjti] Qiscus-Sdk-Secret:[da796bd7df0b95ac66cfc8eeef1cacef]] Payload: 
2021/06/08 00:30:04 RESPONSE: 400 {"error":{"detailed_messages":["room_id room id or room unique id must present"],"errors":{"room_id":["room id or room unique id must present"]},"message":"Validation error"},"status":400}
2021/06/08 00:30:52 REQUEST: GET https://api.qiscus.com/api/v2.1/rest/get_rooms_info?room_id[]=44585243 Header: map[Qiscus-Sdk-App-Id:[xepue-wylz5myu3jhgjti] Qiscus-Sdk-Secret:[da796bd7df0b95ac66cfc8eeef1cacef]] Payload: 
2021/06/08 00:30:52 RESPONSE: 400 {"error":{"detailed_messages":["room_id room id or room unique id must present"],"errors":{"room_id":["room id or room unique id must present"]},"message":"Validation error"},"status":400}
2021/06/08 00:31:17 REQUEST: GET https://api.qiscus.com/api/v2.1/rest/get_rooms_info?room_id[]=44585243 Header: map[Qiscus-Sdk-App-Id:[xepue-wylz5myu3jhgjti] Qiscus-Sdk-Secret:[da796bd7df0b95ac66cfc8eeef1cacef]] Payload: 
2021/06/08 00:31:17 RESPONSE: 400 {"error":{"detailed_messages":["room_id room id or room unique id must present"],"errors":{"room_id":["room id or room unique id must present"]},"message":"Validation error"},"status":400}
2021/06/08 00:31:43 REQUEST: GET https://api.qiscus.com/api/v2.1/rest/get_rooms_info?room_id[]=44585243 Header: map[Qiscus-Sdk-App-Id:[xepue-wylz5myu3jhgjti] Qiscus-Sdk-Secret:[da796bd7df0b95ac66cfc8eeef1cacef]] Payload: 
2021/06/08 00:31:43 RESPONSE: 400 {"error":{"detailed_messages":["room_id room id or room unique id must present"],"errors":{"room_id":["room id or room unique id must present"]},"message":"Validation error"},"status":400}
2021/06/08 00:32:28 REQUEST: GET https://api.qiscus.com/api/v2.1/rest/get_rooms_info?room_id%5B%5D=44585243 Header: map[Qiscus-Sdk-App-Id:[xepue-wylz5myu3jhgjti] Qiscus-Sdk-Secret:[da796bd7df0b95ac66cfc8eeef1cacef]] Payload: 
2021/06/08 00:32:28 RESPONSE: 400 {"error":{"detailed_messages":["room_id room id or room unique id must present"],"errors":{"room_id":["room id or room unique id must present"]},"message":"Validation error"},"status":400}
2021/06/08 00:34:06 REQUEST: GET https://api.qiscus.com/api/v2.1/rest/get_rooms_info?room_ids%5B%5D=44585243 Header: map[Qiscus-Sdk-App-Id:[xepue-wylz5myu3jhgjti] Qiscus-Sdk-Secret:[da796bd7df0b95ac66cfc8eeef1cacef]] Payload: 
2021/06/08 00:34:06 RESPONSE: 200 {"results":{"rooms":[{"room_avatar_url":"https://d1edrlpyc25xu0.cloudfront.net/kiwari-prod/image/upload/wMWsDZP6ta/1516689726-ic_qiscus_client.png","room_channel_id":"","room_id":"44585243","room_name":"haqi","room_options":"{\"bot_layer\": [1, 2], \"background\": \"red\"}","room_type":"group"}]},"status":200}
2021/06/08 00:35:05 REQUEST: GET https://api.qiscus.com/api/v2.1/rest/get_rooms_info?room_ids%5B%5D=44585243 Header: map[Qiscus-Sdk-App-Id:[xepue-wylz5myu3jhgjti] Qiscus-Sdk-Secret:[da796bd7df0b95ac66cfc8eeef1cacef]] Payload: 
2021/06/08 00:35:05 RESPONSE: 200 {"results":{"rooms":[{"room_avatar_url":"https://d1edrlpyc25xu0.cloudfront.net/kiwari-prod/image/upload/wMWsDZP6ta/1516689726-ic_qiscus_client.png","room_channel_id":"","room_id":"44585243","room_name":"haqi","room_options":"{\"bot_layer\": [1, 2], \"background\": \"red\"}","room_type":"group"}]},"status":200}
2021/06/08 00:36:04 REQUEST: GET https://api.qiscus.com/api/v2.1/rest/get_rooms_info?room_ids%5B%5D=44585243 Header: map[Qiscus-Sdk-App-Id:[xepue-wylz5myu3jhgjti] Qiscus-Sdk-Secret:[da796bd7df0b95ac66cfc8eeef1cacef]] Payload: 
2021/06/08 00:36:04 RESPONSE: 200 {"results":{"rooms":[{"room_avatar_url":"https://d1edrlpyc25xu0.cloudfront.net/kiwari-prod/image/upload/wMWsDZP6ta/1516689726-ic_qiscus_client.png","room_channel_id":"","room_id":"44585243","room_name":"haqi","room_options":"{\"bot_layer\": [1, 2], \"background\": \"red\"}","room_type":"group"}]},"status":200}
2021/06/08 00:36:52 REQUEST: GET https://api.qiscus.com/api/v2.1/rest/get_rooms_info?room_ids%5B%5D=44585243 Header: map[Qiscus-Sdk-App-Id:[xepue-wylz5myu3jhgjti] Qiscus-Sdk-Secret:[da796bd7df0b95ac66cfc8eeef1cacef]] Payload: 
2021/06/08 00:36:52 RESPONSE: 200 {"results":{"rooms":[{"room_avatar_url":"https://d1edrlpyc25xu0.cloudfront.net/kiwari-prod/image/upload/wMWsDZP6ta/1516689726-ic_qiscus_client.png","room_channel_id":"","room_id":"44585243","room_name":"haqi","room_options":"{\"bot_layer\": [1, 2], \"background\": \"red\"}","room_type":"group"}]},"status":200}
2021/06/08 00:40:52 REQUEST: GET https://api.qiscus.com/api/v2.1/rest/get_rooms_info?room_id%5B%5D=44585243 Header: map[Qiscus-Sdk-App-Id:[xepue-wylz5myu3jhgjti] Qiscus-Sdk-Secret:[da796bd7df0b95ac66cfc8eeef1cacef]] Payload: 
2021/06/08 00:40:52 RESPONSE: 400 {"error":{"detailed_messages":["room_id room id or room unique id must present"],"errors":{"room_id":["room id or room unique id must present"]},"message":"Validation error"},"status":400}
2021/06/08 00:41:45 REQUEST: GET https://api.qiscus.com/api/v2.1/rest/get_rooms_info?room_id%5B%5D=44585243 Header: map[Qiscus-Sdk-App-Id:[xepue-wylz5myu3jhgjti] Qiscus-Sdk-Secret:[da796bd7df0b95ac66cfc8eeef1cacef]] Payload: 
2021/06/08 00:41:45 RESPONSE: 400 {"error":{"detailed_messages":["room_id room id or room unique id must present"],"errors":{"room_id":["room id or room unique id must present"]},"message":"Validation error"},"status":400}
2021/06/08 00:42:39 REQUEST: GET https://api.qiscus.com/api/v2.1/rest/get_rooms_info?room_ids%5B%5D=44585243 Header: map[Qiscus-Sdk-App-Id:[xepue-wylz5myu3jhgjti] Qiscus-Sdk-Secret:[da796bd7df0b95ac66cfc8eeef1cacef]] Payload: 
2021/06/08 00:42:39 RESPONSE: 200 {"results":{"rooms":[{"room_avatar_url":"https://d1edrlpyc25xu0.cloudfront.net/kiwari-prod/image/upload/wMWsDZP6ta/1516689726-ic_qiscus_client.png","room_channel_id":"","room_id":"44585243","room_name":"haqi","room_options":"{\"bot_layer\": [1, 2], \"background\": \"red\"}","room_type":"group"}]},"status":200}
2021/06/08 00:44:19 REQUEST: GET https://api.qiscus.com/api/v2.1/rest/get_rooms_info?room_ids%5B%5D=44585243 Header: map[Qiscus-Sdk-App-Id:[xepue-wylz5myu3jhgjti] Qiscus-Sdk-Secret:[da796bd7df0b95ac66cfc8eeef1cacef]] Payload: 
2021/06/08 00:44:19 RESPONSE: 200 {"results":{"rooms":[{"room_avatar_url":"https://d1edrlpyc25xu0.cloudfront.net/kiwari-prod/image/upload/wMWsDZP6ta/1516689726-ic_qiscus_client.png","room_channel_id":"","room_id":"44585243","room_name":"haqi","room_options":"{\"bot_layer\": [1, 2], \"background\": \"red\"}","room_type":"group"}]},"status":200}
2021/06/08 00:44:36 REQUEST: GET https://api.qiscus.com/api/v2.1/rest/get_rooms_info?room_ids%5B%5D=44585243 Header: map[Qiscus-Sdk-App-Id:[xepue-wylz5myu3jhgjti] Qiscus-Sdk-Secret:[da796bd7df0b95ac66cfc8eeef1cacef]] Payload: 
2021/06/08 00:44:36 RESPONSE: 200 {"results":{"rooms":[{"room_avatar_url":"https://d1edrlpyc25xu0.cloudfront.net/kiwari-prod/image/upload/wMWsDZP6ta/1516689726-ic_qiscus_client.png","room_channel_id":"","room_id":"44585243","room_name":"haqi","room_options":"{\"bot_layer\": [1, 2], \"background\": \"red\"}","room_type":"group"}]},"status":200}
2021/06/08 00:44:56 REQUEST: GET https://api.qiscus.com/api/v2.1/rest/get_rooms_info?room_ids%5B%5D=44585243 Header: map[Qiscus-Sdk-App-Id:[xepue-wylz5myu3jhgjti] Qiscus-Sdk-Secret:[da796bd7df0b95ac66cfc8eeef1cacef]] Payload: 
2021/06/08 00:44:56 RESPONSE: 200 {"results":{"rooms":[{"room_avatar_url":"https://d1edrlpyc25xu0.cloudfront.net/kiwari-prod/image/upload/wMWsDZP6ta/1516689726-ic_qiscus_client.png","room_channel_id":"","room_id":"44585243","room_name":"haqi","room_options":"{\"bot_layer\": [1, 2], \"background\": \"red\"}","room_type":"group"}]},"status":200}
2021/06/08 00:50:28 REQUEST: GET https://api.qiscus.com/api/v2.1/rest/get_rooms_info?room_ids%5B%5D=44585243 Header: map[Qiscus-Sdk-App-Id:[xepue-wylz5myu3jhgjti] Qiscus-Sdk-Secret:[da796bd7df0b95ac66cfc8eeef1cacef]] Payload: 
2021/06/08 00:50:28 RESPONSE: 200 {"results":{"rooms":[{"room_avatar_url":"https://d1edrlpyc25xu0.cloudfront.net/kiwari-prod/image/upload/wMWsDZP6ta/1516689726-ic_qiscus_client.png","room_channel_id":"","room_id":"44585243","room_name":"haqi","room_options":"{\"bot_layer\": [1, 2], \"background\": \"red\"}","room_type":"group"}]},"status":200}
2021/06/08 00:50:59 REQUEST: GET https://api.qiscus.com/api/v2.1/rest/get_rooms_info?room_ids%5B%5D=44585243 Header: map[Qiscus-Sdk-App-Id:[xepue-wylz5myu3jhgjti] Qiscus-Sdk-Secret:[da796bd7df0b95ac66cfc8eeef1cacef]] Payload: 
2021/06/08 00:50:59 RESPONSE: 200 {"results":{"rooms":[{"room_avatar_url":"https://d1edrlpyc25xu0.cloudfront.net/kiwari-prod/image/upload/wMWsDZP6ta/1516689726-ic_qiscus_client.png","room_channel_id":"","room_id":"44585243","room_name":"haqi","room_options":"{\"bot_layer\": [1, 2], \"background\": \"red\"}","room_type":"group"}]},"status":200}
2021/06/08 00:51:21 REQUEST: GET https://api.qiscus.com/api/v2.1/rest/get_rooms_info?room_ids%5B%5D=44585243 Header: map[Qiscus-Sdk-App-Id:[xepue-wylz5myu3jhgjti] Qiscus-Sdk-Secret:[da796bd7df0b95ac66cfc8eeef1cacef]] Payload: 
2021/06/08 00:51:21 RESPONSE: 200 {"results":{"rooms":[{"room_avatar_url":"https://d1edrlpyc25xu0.cloudfront.net/kiwari-prod/image/upload/wMWsDZP6ta/1516689726-ic_qiscus_client.png","room_channel_id":"","room_id":"44585243","room_name":"haqi","room_options":"{\"bot_layer\": [1, 2], \"background\": \"red\"}","room_type":"group"}]},"status":200}
2021/06/08 00:52:09 REQUEST: GET https://api.qiscus.com/api/v2.1/rest/get_rooms_info?room_ids%5B%5D=44585243 Header: map[Qiscus-Sdk-App-Id:[xepue-wylz5myu3jhgjti] Qiscus-Sdk-Secret:[da796bd7df0b95ac66cfc8eeef1cacef]] Payload: 
2021/06/08 00:52:09 RESPONSE: 200 {"results":{"rooms":[{"room_avatar_url":"https://d1edrlpyc25xu0.cloudfront.net/kiwari-prod/image/upload/wMWsDZP6ta/1516689726-ic_qiscus_client.png","room_channel_id":"","room_id":"44585243","room_name":"haqi","room_options":"{\"bot_layer\": [1, 2], \"background\": \"red\"}","room_type":"group"}]},"status":200}
2021/06/08 00:53:07 REQUEST: GET https://api.qiscus.com/api/v2.1/rest/get_rooms_info?room_ids%5B%5D=44585243 Header: map[Qiscus-Sdk-App-Id:[xepue-wylz5myu3jhgjti] Qiscus-Sdk-Secret:[da796bd7df0b95ac66cfc8eeef1cacef]] Payload: 
2021/06/08 00:53:07 RESPONSE: 200 {"results":{"rooms":[{"room_avatar_url":"https://d1edrlpyc25xu0.cloudfront.net/kiwari-prod/image/upload/wMWsDZP6ta/1516689726-ic_qiscus_client.png","room_channel_id":"","room_id":"44585243","room_name":"haqi","room_options":"{\"bot_layer\": [1, 2], \"background\": \"red\"}","room_type":"group"}]},"status":200}
2021/06/08 00:53:07 REQUEST: POST https://multichannel.qiscus.com/xepue-wylz5myu3jhgjti/bot Header: map[Qiscus_sdk_secret:[da796bd7df0b95ac66cfc8eeef1cacef]] Payload: 
2021/06/08 00:53:07 RESPONSE: 200 sender_email is invalid
2021/06/08 00:54:35 REQUEST: GET https://api.qiscus.com/api/v2.1/rest/get_rooms_info?room_ids%5B%5D=44585243 Header: map[Qiscus-Sdk-App-Id:[xepue-wylz5myu3jhgjti] Qiscus-Sdk-Secret:[da796bd7df0b95ac66cfc8eeef1cacef]] Payload: 
2021/06/08 00:54:35 RESPONSE: 200 {"results":{"rooms":[{"room_avatar_url":"https://d1edrlpyc25xu0.cloudfront.net/kiwari-prod/image/upload/wMWsDZP6ta/1516689726-ic_qiscus_client.png","room_channel_id":"","room_id":"44585243","room_name":"haqi","room_options":"{\"bot_layer\": [1, 2], \"background\": \"red\"}","room_type":"group"}]},"status":200}
2021/06/08 00:54:36 REQUEST: POST https://multichannel.qiscus.com/xepue-wylz5myu3jhgjti/bot Header: map[Qiscus_sdk_secret:[da796bd7df0b95ac66cfc8eeef1cacef]] Payload: 
2021/06/08 00:54:36 RESPONSE: 200 sender_email is invalid
2021/06/08 00:55:46 REQUEST: GET https://api.qiscus.com/api/v2.1/rest/get_rooms_info?room_ids%5B%5D=44585243 Header: map[Qiscus-Sdk-App-Id:[xepue-wylz5myu3jhgjti] Qiscus-Sdk-Secret:[da796bd7df0b95ac66cfc8eeef1cacef]] Payload: 
2021/06/08 00:55:46 RESPONSE: 200 {"results":{"rooms":[{"room_avatar_url":"https://d1edrlpyc25xu0.cloudfront.net/kiwari-prod/image/upload/wMWsDZP6ta/1516689726-ic_qiscus_client.png","room_channel_id":"","room_id":"44585243","room_name":"haqi","room_options":"{\"bot_layer\": [1, 2], \"background\": \"red\"}","room_type":"group"}]},"status":200}
2021/06/08 00:55:47 REQUEST: POST https://multichannel.qiscus.com/xepue-wylz5myu3jhgjti/bot Header: map[Qiscus_sdk_secret:[da796bd7df0b95ac66cfc8eeef1cacef]] Payload: 
2021/06/08 00:55:47 RESPONSE: 200 sender_email is invalid
2021/06/08 00:58:45 REQUEST: GET https://api.qiscus.com/api/v2.1/rest/get_rooms_info?room_ids%5B%5D=44585243 Header: map[Qiscus-Sdk-App-Id:[xepue-wylz5myu3jhgjti] Qiscus-Sdk-Secret:[da796bd7df0b95ac66cfc8eeef1cacef]] Payload: 
2021/06/08 00:58:45 RESPONSE: 200 {"results":{"rooms":[{"room_avatar_url":"https://d1edrlpyc25xu0.cloudfront.net/kiwari-prod/image/upload/wMWsDZP6ta/1516689726-ic_qiscus_client.png","room_channel_id":"","room_id":"44585243","room_name":"haqi","room_options":"{\"bot_layer\": [1, 2], \"background\": \"red\"}","room_type":"group"}]},"status":200}
2021/06/08 00:58:45 REQUEST: POST https://multichannel.qiscus.com/xepue-wylz5myu3jhgjti/bot Header: map[Qiscus_sdk_secret:[da796bd7df0b95ac66cfc8eeef1cacef]] Payload: 
2021/06/08 00:58:45 RESPONSE: 200 sender_email is invalid
2021/06/08 01:02:13 REQUEST: GET https://api.qiscus.com/api/v2.1/rest/get_rooms_info?room_ids%5B%5D=44585243 Header: map[Qiscus-Sdk-App-Id:[xepue-wylz5myu3jhgjti] Qiscus-Sdk-Secret:[da796bd7df0b95ac66cfc8eeef1cacef]] Payload: 
2021/06/08 01:02:13 RESPONSE: 200 {"results":{"rooms":[{"room_avatar_url":"https://d1edrlpyc25xu0.cloudfront.net/kiwari-prod/image/upload/wMWsDZP6ta/1516689726-ic_qiscus_client.png","room_channel_id":"","room_id":"44585243","room_name":"haqi","room_options":"{\"bot_layer\": [1, 2], \"background\": \"red\"}","room_type":"group"}]},"status":200}
2021/06/08 01:02:13 REQUEST: POST https://multichannel.qiscus.com/xepue-wylz5myu3jhgjti/bot Header: map[Qiscus_sdk_secret:[da796bd7df0b95ac66cfc8eeef1cacef]] Payload: 
2021/06/08 01:02:13 RESPONSE: 200 sender_email is invalid
2021/06/08 01:08:49 REQUEST: GET https://api.qiscus.com/api/v2.1/rest/get_rooms_info?room_ids%5B%5D=44585243 Header: map[Qiscus-Sdk-App-Id:[xepue-wylz5myu3jhgjti] Qiscus-Sdk-Secret:[da796bd7df0b95ac66cfc8eeef1cacef]] Payload: 
2021/06/08 01:08:49 RESPONSE: 200 {"results":{"rooms":[{"room_avatar_url":"https://d1edrlpyc25xu0.cloudfront.net/kiwari-prod/image/upload/wMWsDZP6ta/1516689726-ic_qiscus_client.png","room_channel_id":"","room_id":"44585243","room_name":"haqi","room_options":"{\"bot_layer\": [1, 2], \"background\": \"red\"}","room_type":"group"}]},"status":200}
2021/06/08 01:08:49 REQUEST: POST https://multichannel.qiscus.com/xepue-wylz5myu3jhgjti/bot Header: map[Qiscus_sdk_secret:[da796bd7df0b95ac66cfc8eeef1cacef]] Payload: 
2021/06/08 01:08:49 RESPONSE: 200 sender_email is invalid
2021/06/08 01:10:06 REQUEST: GET https://api.qiscus.com/api/v2.1/rest/get_rooms_info?room_ids%5B%5D=44585243 Header: map[Qiscus-Sdk-App-Id:[xepue-wylz5myu3jhgjti] Qiscus-Sdk-Secret:[da796bd7df0b95ac66cfc8eeef1cacef]] Payload: 
2021/06/08 01:10:06 RESPONSE: 200 {"results":{"rooms":[{"room_avatar_url":"https://d1edrlpyc25xu0.cloudfront.net/kiwari-prod/image/upload/wMWsDZP6ta/1516689726-ic_qiscus_client.png","room_channel_id":"","room_id":"44585243","room_name":"haqi","room_options":"{\"bot_layer\": [1, 2], \"background\": \"red\"}","room_type":"group"}]},"status":200}
2021/06/08 01:10:06 REQUEST: POST https://multichannel.qiscus.com/xepue-wylz5myu3jhgjti/bot Header: map[Content-Type:[application/json] Qiscus_sdk_secret:[da796bd7df0b95ac66cfc8eeef1cacef]] Payload: 
2021/06/08 01:10:06 RESPONSE: 400 {"errors":"Malformed request","status":400}
2021/06/08 01:11:13 REQUEST: GET https://api.qiscus.com/api/v2.1/rest/get_rooms_info?room_ids%5B%5D=44585243 Header: map[Qiscus-Sdk-App-Id:[xepue-wylz5myu3jhgjti] Qiscus-Sdk-Secret:[da796bd7df0b95ac66cfc8eeef1cacef]] Payload: 
2021/06/08 01:11:13 RESPONSE: 200 {"results":{"rooms":[{"room_avatar_url":"https://d1edrlpyc25xu0.cloudfront.net/kiwari-prod/image/upload/wMWsDZP6ta/1516689726-ic_qiscus_client.png","room_channel_id":"","room_id":"44585243","room_name":"haqi","room_options":"{\"bot_layer\": [1, 2], \"background\": \"red\"}","room_type":"group"}]},"status":200}
2021/06/08 01:11:13 REQUEST: POST https://multichannel.qiscus.com/xepue-wylz5myu3jhgjti/bot Header: map[Content-Type:[application/json] Qiscus_sdk_secret:[da796bd7df0b95ac66cfc8eeef1cacef]] Payload: 
2021/06/08 01:11:13 RESPONSE: 400 {"errors":"Malformed request","status":400}
2021/06/08 01:20:35 REQUEST: GET https://api.qiscus.com/api/v2.1/rest/get_rooms_info?room_ids%5B%5D=44585243 Header: map[Qiscus-Sdk-App-Id:[xepue-wylz5myu3jhgjti] Qiscus-Sdk-Secret:[da796bd7df0b95ac66cfc8eeef1cacef]] Payload: 
2021/06/08 01:20:35 RESPONSE: 200 {"results":{"rooms":[{"room_avatar_url":"https://d1edrlpyc25xu0.cloudfront.net/kiwari-prod/image/upload/wMWsDZP6ta/1516689726-ic_qiscus_client.png","room_channel_id":"","room_id":"44585243","room_name":"haqi","room_options":"{\"bot_layer\": [1, 2], \"background\": \"red\"}","room_type":"group"}]},"status":200}
2021/06/08 01:20:35 REQUEST: POST https://multichannel.qiscus.com/xepue-wylz5myu3jhgjti/bot Header: map[Content-Type:[application/json] Qiscus_sdk_secret:[da796bd7df0b95ac66cfc8eeef1cacef]] Payload: 
2021/06/08 01:20:35 RESPONSE: 200 ok
